This is pdfTeX, Version 3.14159265-2.6-1.40.16 (MiKTeX 2.9 64-bit) (preloaded format=pdflatex 2015.11.28)  26 MAY 2017 19:33
entering extended mode
**Principal.tex
(Principal.tex
LaTeX2e <2015/01/01> patch level 2
Babel <3.9m> and hyphenation patterns for 69 languages loaded.
("D:\Program Files\MiKTeX 2.9\tex\latex\base\book.cls"
Document Class: book 2014/09/29 v1.4h Standard LaTeX document class
("D:\Program Files\MiKTeX 2.9\tex\latex\base\bk12.clo"
File: bk12.clo 2014/09/29 v1.4h Standard LaTeX file (size option)
)
\c@part=\count79
\c@chapter=\count80
\c@section=\count81
\c@subsection=\count82
\c@subsubsection=\count83
\c@paragraph=\count84
\c@subparagraph=\count85
\c@figure=\count86
\c@table=\count87
\abovecaptionskip=\skip41
\belowcaptionskip=\skip42
\bibindent=\dimen102
) (TesePack.tex
("D:\Program Files\MiKTeX 2.9\tex\latex\tools\layout.sty"
Package: layout 2014/10/28 v1.2c Show layout parameters
\oneinch=\count88
\cnt@paperwidth=\count89
\cnt@paperheight=\count90
\cnt@hoffset=\count91
\cnt@voffset=\count92
\cnt@textheight=\count93
\cnt@textwidth=\count94
\cnt@topmargin=\count95
\cnt@oddsidemargin=\count96
\cnt@evensidemargin=\count97
\cnt@headheight=\count98
\cnt@headsep=\count99
\cnt@marginparsep=\count100
\cnt@marginparwidth=\count101
\cnt@marginparpush=\count102
\cnt@footskip=\count103
\fheight=\count104
\ref@top=\count105
\ref@hoffset=\count106
\ref@voffset=\count107
\ref@head=\count108
\ref@body=\count109
\ref@foot=\count110
\ref@margin=\count111
\ref@marginwidth=\count112
\ref@marginpar=\count113
\Interval=\count114
\ExtraYPos=\count115
\PositionX=\count116
\PositionY=\count117
\ArrowLength=\count118
) ("D:\Program Files\MiKTeX 2.9\tex\generic\babel\babel.sty"
Package: babel 2015/08/03 3.9m The Babel package

*************************************
* Local config file bblopts.cfg used
*
("D:\Program Files\MiKTeX 2.9\tex\latex\00miktex\bblopts.cfg"
File: bblopts.cfg 2006/07/31 v1.0 MiKTeX 'babel' configuration
)
("D:\Program Files\MiKTeX 2.9\tex\latex\babel-english\english.ldf"
Language: english 2012/08/20 v3.3p English support from the babel system

("D:\Program Files\MiKTeX 2.9\tex\generic\babel\babel.def"
File: babel.def 2015/08/03 3.9m Babel common definitions
\babel@savecnt=\count119
\U@D=\dimen103
)
\l@canadian = a dialect from \language\l@american 
\l@australian = a dialect from \language\l@british 
\l@newzealand = a dialect from \language\l@british 
)
("D:\Program Files\MiKTeX 2.9\tex\latex\babel-portuges\portuges.ldf"
Language: portuges 2008/03/18 v1.2q Portuguese support from the babel system
\l@brazil = a dialect from \language\l@portuges 
Package babel Info: Making " an active character on input line 145.
)) (pagina.sty) (indentfirst.sty
Package: indentfirst 1994/05/23 v1.02 Indent first paragraph (DPC)
)
("D:\Program Files\MiKTeX 2.9\tex\latex\base\inputenc.sty"
Package: inputenc 2015/03/17 v1.2c Input encoding file
\inpenc@prehook=\toks14
\inpenc@posthook=\toks15
 ("D:\Program Files\MiKTeX 2.9\tex\latex\base\latin1.def"
File: latin1.def 2015/03/17 v1.2c Input encoding file
))
("D:\Program Files\MiKTeX 2.9\tex\latex\graphics\graphics.sty"
Package: graphics 2014/10/28 v1.0p Standard LaTeX Graphics (DPC,SPQR)
 ("D:\Program Files\MiKTeX 2.9\tex\latex\graphics\trig.sty"
Package: trig 1999/03/16 v1.09 sin cos tan (DPC)
) ("D:\Program Files\MiKTeX 2.9\tex\latex\00miktex\graphics.cfg"
File: graphics.cfg 2007/01/18 v1.5 graphics configuration of teTeX/TeXLive
)
Package graphics Info: Driver file: pdftex.def on input line 94.

("D:\Program Files\MiKTeX 2.9\tex\latex\pdftex-def\pdftex.def"
File: pdftex.def 2011/05/27 v0.06d Graphics/color for pdfTeX

("D:\Program Files\MiKTeX 2.9\tex\generic\oberdiek\infwarerr.sty"
Package: infwarerr 2010/04/08 v1.3 Providing info/warning/error messages (HO)
)
("D:\Program Files\MiKTeX 2.9\tex\generic\oberdiek\ltxcmds.sty"
Package: ltxcmds 2011/11/09 v1.22 LaTeX kernel commands for general use (HO)
)
\Gread@gobject=\count120
))
("D:\Program Files\MiKTeX 2.9\tex\latex\graphics\epsfig.sty"
Package: epsfig 1999/02/16 v1.7a (e)psfig emulation (SPQR)

("D:\Program Files\MiKTeX 2.9\tex\latex\graphics\graphicx.sty"
Package: graphicx 2014/10/28 v1.0g Enhanced LaTeX Graphics (DPC,SPQR)

("D:\Program Files\MiKTeX 2.9\tex\latex\graphics\keyval.sty"
Package: keyval 2014/10/28 v1.15 key=value parser (DPC)
\KV@toks@=\toks16
)
\Gin@req@height=\dimen104
\Gin@req@width=\dimen105
)
\epsfxsize=\dimen106
\epsfysize=\dimen107
)
("D:\Program Files\MiKTeX 2.9\tex\latex\pstricks\pstricks.sty"
Package: pstricks 2013/12/12 v0.60 LaTeX wrapper for `PSTricks' (RN,HV)

("D:\Program Files\MiKTeX 2.9\tex\generic\oberdiek\ifpdf.sty"
Package: ifpdf 2011/01/30 v2.3 Provides the ifpdf switch (HO)
Package ifpdf Info: pdfTeX in PDF mode is detected.
)
("D:\Program Files\MiKTeX 2.9\tex\generic\pstricks\base\pstricks.tex"
("D:\Program Files\MiKTeX 2.9\tex\generic\xkeyval\pst-xkey.tex"
File: pst-xkey.tex 2005/11/25 v1.6 PSTricks specialization of xkeyval (HA)

("D:\Program Files\MiKTeX 2.9\tex\latex\xkeyval\xkeyval.sty"
Package: xkeyval 2014/12/03 v2.7a package option processing (HA)

("D:\Program Files\MiKTeX 2.9\tex\generic\xkeyval\xkeyval.tex"
("D:\Program Files\MiKTeX 2.9\tex\generic\xkeyval\xkvutils.tex"
\XKV@toks=\toks17
\XKV@tempa@toks=\toks18
)
\XKV@depth=\count121
File: xkeyval.tex 2014/12/03 v2.7a key=value parser (HA)
)))
("D:\Program Files\MiKTeX 2.9\tex\generic\pstricks\base\pst-fp.tex" `pst-fp' v0.05, 2010/01/17 (hv)
\pstFP@xs=\count122
\pstFP@xia=\count123
\pstFP@xib=\count124
\pstFP@xfa=\count125
\pstFP@xfb=\count126
\pstFP@rega=\count127
\pstFP@regb=\count128
\pstFP@regs=\count129
\pstFP@times=\count130
)
("D:\Program Files\MiKTeX 2.9\tex\generic\pgf\utilities\pgfutil-common.tex"
\pgfutil@everybye=\toks19
\pgfutil@tempdima=\dimen108
\pgfutil@tempdimb=\dimen109

("D:\Program Files\MiKTeX 2.9\tex\generic\pgf\utilities\pgfutil-common-lists.tex"))
("D:\Program Files\MiKTeX 2.9\tex\generic\pgf\utilities\pgfkeys.code.tex"
\pgfkeys@pathtoks=\toks20
\pgfkeys@temptoks=\toks21

("D:\Program Files\MiKTeX 2.9\tex\generic\pgf\utilities\pgfkeysfiltered.code.tex"
\pgfkeys@tmptoks=\toks22
))
("D:\Program Files\MiKTeX 2.9\tex\generic\pgf\utilities\pgffor.code.tex"
("D:\Program Files\MiKTeX 2.9\tex\generic\pgf\math\pgfmath.code.tex"
("D:\Program Files\MiKTeX 2.9\tex\generic\pgf\math\pgfmathcalc.code.tex"
("D:\Program Files\MiKTeX 2.9\tex\generic\pgf\math\pgfmathutil.code.tex"
\pgf@x=\dimen110
\pgf@xa=\dimen111
\pgf@xb=\dimen112
\pgf@xc=\dimen113
\pgf@y=\dimen114
\pgf@ya=\dimen115
\pgf@yb=\dimen116
\pgf@yc=\dimen117
\c@pgf@counta=\count131
\c@pgf@countb=\count132
\c@pgf@countc=\count133
\c@pgf@countd=\count134
\pgfutil@tempcnta=\count135
\pgfutil@tempcntb=\count136
)
("D:\Program Files\MiKTeX 2.9\tex\generic\pgf\math\pgfmathparser.code.tex"
\pgfmath@dimen=\dimen118
\pgfmath@count=\count137
\pgfmath@box=\box26
\pgfmath@toks=\toks23
\pgfmath@stack@operand=\toks24
\pgfmath@stack@operation=\toks25
)
("D:\Program Files\MiKTeX 2.9\tex\generic\pgf\math\pgfmathfunctions.code.tex"
("D:\Program Files\MiKTeX 2.9\tex\generic\pgf\math\pgfmathfunctions.basic.code.tex")
("D:\Program Files\MiKTeX 2.9\tex\generic\pgf\math\pgfmathfunctions.trigonometric.code.tex")
("D:\Program Files\MiKTeX 2.9\tex\generic\pgf\math\pgfmathfunctions.random.code.tex")
("D:\Program Files\MiKTeX 2.9\tex\generic\pgf\math\pgfmathfunctions.comparison.code.tex")
("D:\Program Files\MiKTeX 2.9\tex\generic\pgf\math\pgfmathfunctions.base.code.tex")
("D:\Program Files\MiKTeX 2.9\tex\generic\pgf\math\pgfmathfunctions.round.code.tex")
("D:\Program Files\MiKTeX 2.9\tex\generic\pgf\math\pgfmathfunctions.misc.code.tex")
("D:\Program Files\MiKTeX 2.9\tex\generic\pgf\math\pgfmathfunctions.integerarithmetics.code.tex")))
("D:\Program Files\MiKTeX 2.9\tex\generic\pgf\math\pgfmathfloat.code.tex"
\c@pgfmathroundto@lastzeros=\count138
))
\pgffor@iter=\dimen119
\pgffor@skip=\dimen120
\pgffor@stack=\toks26
\pgffor@toks=\toks27
)
\psLoopIndex=\count139

`PSTricks' v2.62  <2015/07/25> (tvz)
\pst@dima=\dimen121
\pst@dimb=\dimen122
\pst@dimc=\dimen123
\pst@dimd=\dimen124
\pst@dimg=\dimen125
\pst@dimh=\dimen126
\pst@dimm=\dimen127
\pst@dimn=\dimen128
\pst@dimo=\dimen129
\pst@dimp=\dimen130
\pst@hbox=\box27
\pst@ibox=\box28
\pst@boxg=\box29
\pst@cnta=\count140
\pst@cntb=\count141
\pst@cntc=\count142
\pst@cntd=\count143
\pst@cntg=\count144
\pst@cnth=\count145
\pst@cntm=\count146
\pst@cntn=\count147
\pst@cnto=\count148
\pst@cntp=\count149
\@zero=\count150
\pst@toks=\toks28
("D:\Program Files\MiKTeX 2.9\tex\generic\pstricks\base\pstricks.con")
\psunit=\dimen131
\psxunit=\dimen132
\psyunit=\dimen133
\pst@C@@rType=\count151
\pslinewidth=\dimen134
\psk@startLW=\dimen135
\psk@endLW=\dimen136
\pst@customdefs=\toks29
\pslinearc=\dimen137
\pst@symbolStep=\dimen138
\pst@symbolWidth=\dimen139
\pst@symbolLinewidth=\dimen140
\everypsbox=\toks30
\psframesep=\dimen141
\pslabelsep=\dimen142
\sh@wgridXunit=\dimen143
\sh@wgridYunit=\dimen144
\pst@shift=\dimen145
)
File: pstricks.tex 2015/07/25 v2.62 `PSTricks' (tvz,hv)

("D:\Program Files\MiKTeX 2.9\tex\generic\pstricks\base\pst-fp.tex")
File: pst-fp.tex 2015/07/25 v2.62 `PST-fp' (hv)

("D:\Program Files\MiKTeX 2.9\tex\latex\xcolor\xcolor.sty"
Package: xcolor 2007/01/21 v2.11 LaTeX color extensions (UK)
 ("D:\Program Files\MiKTeX 2.9\tex\latex\00miktex\color.cfg"
File: color.cfg 2007/01/18 v1.5 color configuration of teTeX/TeXLive
)
Package xcolor Info: Driver file: pdftex.def on input line 225.
Package xcolor Info: Model `cmy' substituted by `cmy0' on input line 1337.
Package xcolor Info: Model `hsb' substituted by `rgb' on input line 1341.
Package xcolor Info: Model `RGB' extended on input line 1353.
Package xcolor Info: Model `HTML' substituted by `rgb' on input line 1355.
Package xcolor Info: Model `Hsb' substituted by `hsb' on input line 1356.
Package xcolor Info: Model `tHsb' substituted by `hsb' on input line 1357.
Package xcolor Info: Model `HSB' substituted by `hsb' on input line 1358.
Package xcolor Info: Model `Gray' substituted by `gray' on input line 1359.
Package xcolor Info: Model `wave' substituted by `hsb' on input line 1360.
)) ("D:\Program Files\MiKTeX 2.9\tex\latex\pst-node\pst-node.sty"
Package: pst-node 2012/09/18 v1.01 LaTeX wrapper for `pst-node' (HV)
Package: pst-node 2010/04/22 package wrapper for pst-node.tex

("D:\Program Files\MiKTeX 2.9\tex\generic\pst-node\pst-node.tex"  v1.35, 2014/08/04
\psrow=\count152
\pscol=\count153
\psmatrixcnt=\count154
\psrowsep=\skip43
\pscolsep=\skip44
\pst@args=\count155
\num@pts=\count156
\pst@argcnt=\count157
)
File: pst-node.tex 2014/08/04 1.35 `pst-node' (tvz,hv)
)
("D:\Program Files\MiKTeX 2.9\tex\latex\pst-tree\pst-tree.sty"
Package: pst-tree 2009/01/25 package wrapper for pst-tree.tex

("D:\Program Files\MiKTeX 2.9\tex\generic\pst-tree\pst-tree.tex"  v1.12, 2011/02/28(tvz,dg,hv)
\pstree@rootbox=\box30
\pstree@box=\box31
\psnodecnt=\count158
\pstreelevel=\count159
\pstreecnt=\count160
\pstree@cnt=\count161
\pstree@stop=\count162
)
File: pst-tree.tex 2011/02/28 1.12 `pst-tree' (tvz,hv)
)
("D:\Program Files\MiKTeX 2.9\tex\latex\base\alltt.sty"
Package: alltt 1997/06/16 v2.0g defines alltt environment
) (rotating.sty
Package: rotating 94/04/15 2 SPQR

Style option: rotating 2 <94/04/15> (SPQR / LMB)
) ("D:\Program Files\MiKTeX 2.9\tex\latex\tools\enumerate.sty"
Package: enumerate 2014/10/28 v3.00 enumerate extensions (DPC)
\@enLab=\toks31
)
("D:\Program Files\MiKTeX 2.9\tex\latex\amsmath\amsmath.sty"
Package: amsmath 2013/01/14 v2.14 AMS math features
\@mathmargin=\skip45

For additional information on amsmath, use the `?' option.
("D:\Program Files\MiKTeX 2.9\tex\latex\amsmath\amstext.sty"
Package: amstext 2000/06/29 v2.01
 ("D:\Program Files\MiKTeX 2.9\tex\latex\amsmath\amsgen.sty"
File: amsgen.sty 1999/11/30 v2.0
\@emptytoks=\toks32
\ex@=\dimen146
)) ("D:\Program Files\MiKTeX 2.9\tex\latex\amsmath\amsbsy.sty"
Package: amsbsy 1999/11/29 v1.2d
\pmbraise@=\dimen147
)
("D:\Program Files\MiKTeX 2.9\tex\latex\amsmath\amsopn.sty"
Package: amsopn 1999/12/14 v2.01 operator names
)
\inf@bad=\count163
LaTeX Info: Redefining \frac on input line 210.
\uproot@=\count164
\leftroot@=\count165
LaTeX Info: Redefining \overline on input line 306.
\classnum@=\count166
\DOTSCASE@=\count167
LaTeX Info: Redefining \ldots on input line 378.
LaTeX Info: Redefining \dots on input line 381.
LaTeX Info: Redefining \cdots on input line 466.
\Mathstrutbox@=\box32
\strutbox@=\box33
\big@size=\dimen148
LaTeX Font Info:    Redeclaring font encoding OML on input line 566.
LaTeX Font Info:    Redeclaring font encoding OMS on input line 567.
\macc@depth=\count168
\c@MaxMatrixCols=\count169
\dotsspace@=\muskip10
\c@parentequation=\count170
\dspbrk@lvl=\count171
\tag@help=\toks33
\row@=\count172
\column@=\count173
\maxfields@=\count174
\andhelp@=\toks34
\eqnshift@=\dimen149
\alignsep@=\dimen150
\tagshift@=\dimen151
\tagwidth@=\dimen152
\totwidth@=\dimen153
\lineht@=\dimen154
\@envbody=\toks35
\multlinegap=\skip46
\multlinetaggap=\skip47
\mathdisplay@stack=\toks36
LaTeX Info: Redefining \[ on input line 2665.
LaTeX Info: Redefining \] on input line 2666.
)
("D:\Program Files\MiKTeX 2.9\tex\latex\amsfonts\amssymb.sty"
Package: amssymb 2013/01/14 v3.01 AMS font symbols

("D:\Program Files\MiKTeX 2.9\tex\latex\amsfonts\amsfonts.sty"
Package: amsfonts 2013/01/14 v3.01 Basic AMSFonts support
\symAMSa=\mathgroup4
\symAMSb=\mathgroup5
LaTeX Font Info:    Overwriting math alphabet `\mathfrak' in version `bold'
(Font)                  U/euf/m/n --> U/euf/b/n on input line 106.
))
("D:\Program Files\MiKTeX 2.9\tex\latex\multirow\multirow.sty"
\bigstrutjot=\dimen155
))
("D:\Program Files\MiKTeX 2.9\tex\latex\tools\longtable.sty"
Package: longtable 2014/10/28 v4.11 Multi-page Table package (DPC)
\LTleft=\skip48
\LTright=\skip49
\LTpre=\skip50
\LTpost=\skip51
\LTchunksize=\count175
\LTcapwidth=\dimen156
\LT@head=\box34
\LT@firsthead=\box35
\LT@foot=\box36
\LT@lastfoot=\box37
\LT@cols=\count176
\LT@rows=\count177
\c@LT@tables=\count178
\c@LT@chunks=\count179
\LT@p@ftn=\toks37
) (Principal.aux)
LaTeX Font Info:    Checking defaults for OML/cmm/m/it on input line 4.
LaTeX Font Info:    ... okay on input line 4.
LaTeX Font Info:    Checking defaults for T1/cmr/m/n on input line 4.
LaTeX Font Info:    ... okay on input line 4.
LaTeX Font Info:    Checking defaults for OT1/cmr/m/n on input line 4.
LaTeX Font Info:    ... okay on input line 4.
LaTeX Font Info:    Checking defaults for OMS/cmsy/m/n on input line 4.
LaTeX Font Info:    ... okay on input line 4.
LaTeX Font Info:    Checking defaults for OMX/cmex/m/n on input line 4.
LaTeX Font Info:    ... okay on input line 4.
LaTeX Font Info:    Checking defaults for U/cmr/m/n on input line 4.
LaTeX Font Info:    ... okay on input line 4.

("D:\Program Files\MiKTeX 2.9\tex\context\base\supp-pdf.mkii"
[Loading MPS to PDF converter (version 2006.09.02).]
\scratchcounter=\count180
\scratchdimen=\dimen157
\scratchbox=\box38
\nofMPsegments=\count181
\nofMParguments=\count182
\everyMPshowfont=\toks38
\MPscratchCnt=\count183
\MPscratchDim=\dimen158
\MPnumerator=\count184
\makeMPintoPDFobject=\count185
\everyMPtoPDFconversion=\toks39
) (Capa.tex <./FIGURAS/Poli.pdf, id=1, 130.4875pt x 139.52126pt>
File: ./FIGURAS/Poli.pdf Graphic file (type pdf)
 <use ./FIGURAS/Poli.pdf>
Package pdftex.def Info: ./FIGURAS/Poli.pdf used on input line 1.
(pdftex.def)             Requested size: 91.3406pt x 97.6642pt.

Underfull \hbox (badness 1122) in paragraph at lines 13--13
\OT1/cmr/m/n/12 e de Com-putac~ao da Es-cola Po-litecnica,
 []


Underfull \hbox (badness 10000) in paragraph at lines 13--13

 []

LaTeX Font Info:    Try loading font information for U+msa on input line 13.
("D:\Program Files\MiKTeX 2.9\tex\latex\amsfonts\umsa.fd"
File: umsa.fd 2013/01/14 v3.01 AMS symbols A
)
LaTeX Font Info:    Try loading font information for U+msb on input line 13.
 ("D:\Program Files\MiKTeX 2.9\tex\latex\amsfonts\umsb.fd"
File: umsb.fd 2013/01/14 v3.01 AMS symbols B
)
Overfull \hbox (2.61107pt too wide) in paragraph at lines 10--17
   $[]$
 []

) [1
Non-PDF special ignored!
Non-PDF special ignored!
Non-PDF special ignored!
Non-PDF special ignored!
Non-PDF special ignored!


Non-PDF special ignored!
Non-PDF special ignored!
Non-PDF special ignored!
Non-PDF special ignored!

{C:/Users/John/AppData/Local/MiKTeX/2.9/pdftex/config/pdftex.map} <./FIGURAS/Poli.pdf>]
(Preambulo.tex [2]) (Principal.toc)
\tf@toc=\write3
 [3

] (Principal.lof)
\tf@lof=\write4
 [4

] (Principal.lot)
\tf@lot=\write5
 [5

]
Cap\'{\i }tulo 1.
(cap2.tex
Underfull \hbox (badness 10000) in paragraph at lines 3--4

 []

<Images/Part_1/AmpOp.pdf, id=30, 180.675pt x 90.3375pt>
File: Images/Part_1/AmpOp.pdf Graphic file (type pdf)
 <use Images/Part_1/AmpOp.pdf>
Package pdftex.def Info: Images/Part_1/AmpOp.pdf used on input line 7.
(pdftex.def)             Requested size: 213.39566pt x 106.69931pt.


LaTeX Warning: Reference `fig:OTA' on page 1 undefined on input line 23.

[1



 <./Images/Part_1/AmpOp.pdf>] <Images/Part_1/OTA.pdf, id=43, 204.01219pt x 98.61844pt>
File: Images/Part_1/OTA.pdf Graphic file (type pdf)
 <use Images/Part_1/OTA.pdf>
Package pdftex.def Info: Images/Part_1/OTA.pdf used on input line 27.
(pdftex.def)             Requested size: 213.39566pt x 103.15964pt.


LaTeX Warning: Reference `fig:resistorOTA' on page 2 undefined on input line 54.

<Images/Part_1/ResistorOta.pdf, id=44, 343.2825pt x 153.57375pt>
File: Images/Part_1/ResistorOta.pdf Graphic file (type pdf)
 <use Images/Part_1/ResistorOta.pdf>
Package pdftex.def Info: Images/Part_1/ResistorOta.pdf used on input line 58.
(pdftex.def)             Requested size: 341.43436pt x 152.74615pt.


LaTeX Warning: `h' float specifier changed to `ht'.

[2 <./Images/Part_1/OTA.pdf>]

LaTeX Warning: Reference `eq:resistor' on page 3 undefined on input line 76.


LaTeX Warning: Reference `eq:resistorOTA' on page 3 undefined on input line 76.


LaTeX Warning: Reference `fig:resistorOTA' on page 3 undefined on input line 78.


LaTeX Warning: Reference `fig:resistorSuspensoOTA' on page 3 undefined on input line 83.

<Images/Part_1/ResistorAcopladoOta.pdf, id=57, 444.91219pt x 185.19188pt>
File: Images/Part_1/ResistorAcopladoOta.pdf Graphic file (type pdf)
 <use Images/Part_1/ResistorAcopladoOta.pdf>
Package pdftex.def Info: Images/Part_1/ResistorAcopladoOta.pdf used on input line 88.
(pdftex.def)             Requested size: 444.91109pt x 185.1914pt.

Overfull \hbox (18.11975pt too wide) in paragraph at lines 88--89
 [][] 
 []

[3 <./Images/Part_1/ResistorOta.pdf> <./Images/Part_1/ResistorAcopladoOta.pdf

pdfTeX warning: pdflatex.exe (file ./Images/Part_1/ResistorAcopladoOta.pdf): PDF inclusion: multiple pdfs with page grou
p included in a single page
>]

LaTeX Warning: Reference `eq:correnteOTA1' on page 4 undefined on input line 106.


LaTeX Warning: Reference `eq:correnteOTA2' on page 4 undefined on input line 106.


LaTeX Warning: Reference `fig:resistorSuspensoOTA' on page 4 undefined on input line 108.


LaTeX Warning: Reference `fig:Girador' on page 4 undefined on input line 113.

<Images/Part_1/Girador.pdf, id=80, 302.63063pt x 207.02344pt>
File: Images/Part_1/Girador.pdf Graphic file (type pdf)
 <use Images/Part_1/Girador.pdf>
Package pdftex.def Info: Images/Part_1/Girador.pdf used on input line 117.
(pdftex.def)             Requested size: 302.62988pt x 207.02292pt.


LaTeX Warning: Reference `fig:elementoTranscondutancia' on page 4 undefined on input line 142.

[4 <./Images/Part_1/Girador.pdf>] <Images/Part_1/NMOS.pdf, id=92, 135.50626pt x 138.5175pt>
File: Images/Part_1/NMOS.pdf Graphic file (type pdf)

<use Images/Part_1/NMOS.pdf>
Package pdftex.def Info: Images/Part_1/NMOS.pdf used on input line 146.
(pdftex.def)             Requested size: 149.37956pt x 152.70366pt.


LaTeX Warning: Reference `eq:triodo' on page 5 undefined on input line 162.


Underfull \hbox (badness 10000) in paragraph at lines 161--165

 []


Overfull \hbox (22.23558pt too wide) in paragraph at lines 168--174
[]\OT1/cmr/m/n/12 Os OTAs pos-suem a grande van-ta-gem de subs-ti-tuic~ao dos com-po-nen-tes eletr^onicos
 []


Underfull \hbox (badness 10000) in paragraph at lines 175--178

 []

[5 <./Images/Part_1/NMOS.pdf>] <Images/Part_1/modeloAtenuador.pdf, id=104, 466.74374pt x 88.07906pt>
File: Images/Part_1/modeloAtenuador.pdf Graphic file (type pdf)

<use Images/Part_1/modeloAtenuador.pdf>
Package pdftex.def Info: Images/Part_1/modeloAtenuador.pdf used on input line 181.
(pdftex.def)             Requested size: 384.10959pt x 72.4887pt.


LaTeX Warning: Reference `fig:modeloAtenuador' on page 6 undefined on input line 187.


LaTeX Warning: Reference `fig:atenuadorCMOS' on page 6 undefined on input line 195.

<Images/Part_1/atenuadorCMOS.pdf, id=105, 239.39438pt x 260.47313pt>
File: Images/Part_1/atenuadorCMOS.pdf Graphic file (type pdf)
 <use Images/Part_1/atenuadorCMOS.pdf>
Package pdftex.def Info: Images/Part_1/atenuadorCMOS.pdf used on input line 199.
(pdftex.def)             Requested size: 213.39566pt x 232.186pt.
 [6 <./Images/Part_1/modeloAtenuador.pdf> <./Images/Part_1/atenuadorCMOS.pdf

pdfTeX warning: pdflatex.exe (file ./Images/Part_1/atenuadorCMOS.pdf): PDF inclusion: multiple pdfs with page group incl
uded in a single page
>]

LaTeX Warning: Reference `eq:saturacao' on page 7 undefined on input line 215.


LaTeX Warning: Reference `eq:triodo' on page 7 undefined on input line 215.


LaTeX Warning: Reference `eq:atenuador' on page 7 undefined on input line 223.


Underfull \hbox (badness 10000) in paragraph at lines 238--242

 []

<Images/Part_1/FVF.pdf, id=125, 304.13625pt x 293.59688pt>
File: Images/Part_1/FVF.pdf Graphic file (type pdf)
 <use Images/Part_1/FVF.pdf>
Package pdftex.def Info: Images/Part_1/FVF.pdf used on input line 245.
(pdftex.def)             Requested size: 213.39566pt x 206.00471pt.


LaTeX Warning: `h' float specifier changed to `ht'.


LaTeX Warning: Reference `fig:FVF' on page 7 undefined on input line 251.

[7] <Images/Part_1/FVFcomTranscondutor.pdf, id=131, 418.56375pt x 293.59688pt>
File: Images/Part_1/FVFcomTranscondutor.pdf Graphic file (type pdf)

<use Images/Part_1/FVFcomTranscondutor.pdf>
Package pdftex.def Info: Images/Part_1/FVFcomTranscondutor.pdf used on input line 270.
(pdftex.def)             Requested size: 256.0774pt x 179.62245pt.


LaTeX Warning: Reference `fig:FVFcomTranscondutor' on page 8 undefined on input line 275.


LaTeX Warning: Reference `eq:LKC_FVF_1' on page 8 undefined on input line 279.

[8 <./Images/Part_1/FVF.pdf> <./Images/Part_1/FVFcomTranscondutor.pdf

pdfTeX warning: pdflatex.exe (file ./Images/Part_1/FVFcomTranscondutor.pdf): PDF inclusion: multiple pdfs with page grou
p included in a single page
>]

LaTeX Warning: Reference `eq:LKC_FVF_2' on page 9 undefined on input line 294.


LaTeX Warning: Reference `eq:espelhoFVF' on page 9 undefined on input line 294.


LaTeX Warning: Reference `fig:CMFB_polarizado' on page 9 undefined on input line 313.

<Images/Part_1/CMFB_polarizado.pdf, id=157, 572.89032pt x 395.22656pt>
File: Images/Part_1/CMFB_polarizado.pdf Graphic file (type pdf)
 <use Images/Part_1/CMFB_polarizado.pdf>
Package pdftex.def Info: Images/Part_1/CMFB_polarizado.pdf used on input line 317.
(pdftex.def)             Requested size: 426.79134pt x 294.44113pt.


LaTeX Warning: `h' float specifier changed to `ht'.


LaTeX Warning: Reference `fig:CMFB_circuito' on page 9 undefined on input line 325.

<Images/Part_1/CMFB_circuito.pdf, id=158, 657.2053pt x 490.83376pt>
File: Images/Part_1/CMFB_circuito.pdf Graphic file (type pdf)
 <use Images/Part_1/CMFB_circuito.pdf>
Package pdftex.def Info: Images/Part_1/CMFB_circuito.pdf used on input line 330.
(pdftex.def)             Requested size: 426.79134pt x 318.75356pt.


LaTeX Warning: `h' float specifier changed to `ht'.

[9]) [10 <./Images/Part_1/CMFB_polarizado.pdf>] [11 <./Images/Part_1/CMFB_circuito.pdf>]
Cap\'{\i }tulo 2.
(cap3.tex

LaTeX Warning: Reference `fig:FiltroOTAC_Ideal' on page 12 undefined on input line 5.

<Images/Part_1/FiltroGmC_Ideal.pdf, id=190, 565.36218pt x 233.37187pt>
File: Images/Part_1/FiltroGmC_Ideal.pdf Graphic file (type pdf)
 <use Images/Part_1/FiltroGmC_Ideal.pdf>
Package pdftex.def Info: Images/Part_1/FiltroGmC_Ideal.pdf used on input line 9.
(pdftex.def)             Requested size: 426.79134pt x 176.1751pt.
 [12

 <./Images/Part_1/FiltroGmC_Ideal.pdf>]

LaTeX Warning: Reference `tab:espFiltroAnalogico' on page 13 undefined on input line 47.


LaTeX Warning: Reference `fig:FiltroOTAC' on page 13 undefined on input line 57.

[13] [14]

LaTeX Warning: Reference `tab:dimRedeLadder' on page 15 undefined on input line 142.


Underfull \hbox (badness 10000) in paragraph at lines 163--166

 []

<Images/Part_1/RespFreqIdeal.png, id=212, 432.11438pt x 330.48468pt>
File: Images/Part_1/RespFreqIdeal.png Graphic file (type png)
 <use Images/Part_1/RespFreqIdeal.png>
Package pdftex.def Info: Images/Part_1/RespFreqIdeal.png used on input line 167.
(pdftex.def)             Requested size: 298.75262pt x 228.49861pt.
 [15]

LaTeX Warning: Reference `fig:FiltroOTAC_Real' on page 16 undefined on input line 176.

<Images/Part_1/FiltroGmC.pdf, id=216, 565.36218pt x 246.1697pt>
File: Images/Part_1/FiltroGmC.pdf Graphic file (type pdf)
 <use Images/Part_1/FiltroGmC.pdf>
Package pdftex.def Info: Images/Part_1/FiltroGmC.pdf used on input line 180.
(pdftex.def)             Requested size: 426.79134pt x 185.83632pt.


LaTeX Warning: Reference `fig:FiltroOTAC_Ideal' on page 16 undefined on input line 185.

[16 <./Images/Part_1/RespFreqIdeal.png> <./Images/Part_1/FiltroGmC.pdf>]
<Images/Part_1/ProjetoTransistor.pdf, id=233, 169.38281pt x 234.1247pt>
File: Images/Part_1/ProjetoTransistor.pdf Graphic file (type pdf)
 <use Images/Part_1/ProjetoTransistor.pdf>
Package pdftex.def Info: Images/Part_1/ProjetoTransistor.pdf used on input line 197.
(pdftex.def)             Requested size: 169.38239pt x 234.12411pt.


LaTeX Warning: Reference `fig:ProjetoTransistor' on page 17 undefined on input line 202.


LaTeX Warning: Reference `eq:saturacao' on page 17 undefined on input line 207.


LaTeX Warning: Reference `eq:triodo' on page 17 undefined on input line 207.

LaTeX Font Info:    Try loading font information for OMS+cmr on input line 212.
("D:\Program Files\MiKTeX 2.9\tex\latex\base\omscmr.fd"
File: omscmr.fd 2014/09/29 v2.5h Standard LaTeX font definitions
)
LaTeX Font Info:    Font shape `OMS/cmr/m/n' in size <12> not available
(Font)              Font shape `OMS/cmsy/m/n' tried instead on input line 212.
 [17 <./Images/Part_1/ProjetoTransistor.pdf>]

LaTeX Warning: Reference `fig:OTA_nomeado' on page 18 undefined on input line 237.

<Images/Part_1/OTA_final_nomeado.pdf, id=243, 694.84593pt x 418.56375pt>
File: Images/Part_1/OTA_final_nomeado.pdf Graphic file (type pdf)
 <use Images/Part_1/OTA_final_nomeado.pdf>
Package pdftex.def Info: Images/Part_1/OTA_final_nomeado.pdf used on input line 241.
(pdftex.def)             Requested size: 426.79134pt x 257.08624pt.


LaTeX Warning: Reference `tab:transistoresOTA' on page 18 undefined on input line 247.

[18 <./Images/Part_1/OTA_final_nomeado.pdf>]

LaTeX Warning: Reference `fig:CMFB_polarizado' on page 19 undefined on input line 273.


LaTeX Warning: Reference `fig:CMFB_circuito' on page 19 undefined on input line 274.


LaTeX Warning: Reference `tab:dimTransCMFB' on page 19 undefined on input line 275.

[19]

LaTeX Warning: Reference `fig:OTA_nomeado' on page 20 undefined on input line 316.


LaTeX Warning: Reference `tab:polarizacaoDC' on page 20 undefined on input line 338.

[20] <Images/Part_1/CMFB_testbench.pdf, id=265, 349.305pt x 293.59688pt>
File: Images/Part_1/CMFB_testbench.pdf Graphic file (type pdf)
 <use Images/Part_1/CMFB_testbench.pdf>
Package pdftex.def Info: Images/Part_1/CMFB_testbench.pdf used on input line 379.
(pdftex.def)             Requested size: 298.75262pt x 251.122pt.


LaTeX Warning: Reference `fig:CMFB_testbench' on page 21 undefined on input line 386.


LaTeX Warning: Reference `fig:VarreduraTranscondutancia' on page 21 undefined on input line 390.

<Images/Part_1/VarreduraTranscondutancia.png, id=266, 471.26062pt x 360.59718pt>
File: Images/Part_1/VarreduraTranscondutancia.png Graphic file (type png)

<use Images/Part_1/VarreduraTranscondutancia.png>
Package pdftex.def Info: Images/Part_1/VarreduraTranscondutancia.png used on input line 394.
(pdftex.def)             Requested size: 298.75262pt x 228.60251pt.
 [21] [22 <./Images/Part_1/CMFB_testbench.pdf> <./Images/Part_1/VarreduraTranscondutancia.png>]

LaTeX Warning: Reference `fig:offsetVd' on page 23 undefined on input line 420.


LaTeX Warning: Reference `tab:OffsetVd' on page 23 undefined on input line 421.

<Images/Part_1/MonteCarlo_Vd.jpg, id=279, 773.289pt x 591.6504pt>
File: Images/Part_1/MonteCarlo_Vd.jpg Graphic file (type jpg)
 <use Images/Part_1/MonteCarlo_Vd.jpg>
Package pdftex.def Info: Images/Part_1/MonteCarlo_Vd.jpg used on input line 425.
(pdftex.def)             Requested size: 298.75262pt x 228.57603pt.


LaTeX Warning: Reference `tab:OffsetVd' on page 23 undefined on input line 452.

[23 <./Images/Part_1/MonteCarlo_Vd.jpg>]

LaTeX Warning: Reference `fig:offsetVcm' on page 24 undefined on input line 462.


LaTeX Warning: Reference `tab:offsetVcm' on page 24 undefined on input line 463.

<Images/Part_1/MonteCarlo_Vcm.jpg, id=283, 773.289pt x 591.6504pt>
File: Images/Part_1/MonteCarlo_Vcm.jpg Graphic file (type jpg)
 <use Images/Part_1/MonteCarlo_Vcm.jpg>
Package pdftex.def Info: Images/Part_1/MonteCarlo_Vcm.jpg used on input line 467.
(pdftex.def)             Requested size: 298.75262pt x 228.57603pt.


LaTeX Warning: Reference `fig:FiltroOTAC_Ideal' on page 24 undefined on input line 490.


LaTeX Warning: Reference `fig:RespFreqReal' on page 24 undefined on input line 492.

[24 <./Images/Part_1/MonteCarlo_Vcm.jpg>] <Images/Part_1/RespFreqReal.png, id=287, 431.36156pt x 328.97906pt>
File: Images/Part_1/RespFreqReal.png Graphic file (type png)

<use Images/Part_1/RespFreqReal.png>
Package pdftex.def Info: Images/Part_1/RespFreqReal.png used on input line 496.
(pdftex.def)             Requested size: 298.75262pt x 227.84917pt.
) [25 <./Images/Part_1/RespFreqReal.png>]
Cap\'{\i }tulo 3.
(cap6.tex [26

]) [27] (Principal.aux)

LaTeX Warning: There were undefined references.


LaTeX Warning: Label(s) may have changed. Rerun to get cross-references right.

 ) 
Here is how much of TeX's memory you used:
 10863 strings out of 493673
 181277 string characters out of 3143962
 255968 words of memory out of 3000000
 13988 multiletter control sequences out of 15000+200000
 14037 words of font info for 53 fonts, out of 3000000 for 9000
 1025 hyphenation exceptions out of 8191
 38i,11n,40p,580b,365s stack positions out of 5000i,500n,10000p,200000b,50000s
<D:/Program Files/MiKTeX 2.9/fonts/type1/public/amsfonts/cm/cmbx12.pfb><D:/Program Files/MiKTeX 2.9/fonts/type1/public
/amsfonts/cm/cmbxti10.pfb><D:/Program Files/MiKTeX 2.9/fonts/type1/public/amsfonts/cm/cmex10.pfb><D:/Program Files/MiKTe
X 2.9/fonts/type1/public/amsfonts/cm/cmmi10.pfb><D:/Program Files/MiKTeX 2.9/fonts/type1/public/amsfonts/cm/cmmi12.pfb><
D:/Program Files/MiKTeX 2.9/fonts/type1/public/amsfonts/cm/cmmi6.pfb><D:/Program Files/MiKTeX 2.9/fonts/type1/public/ams
fonts/cm/cmmi8.pfb><D:/Program Files/MiKTeX 2.9/fonts/type1/public/amsfonts/cm/cmr12.pfb><D:/Program Files/MiKTeX 2.9/fo
nts/type1/public/amsfonts/cm/cmr6.pfb><D:/Program Files/MiKTeX 2.9/fonts/type1/public/amsfonts/cm/cmr8.pfb><D:/Program F
iles/MiKTeX 2.9/fonts/type1/public/amsfonts/cm/cmsy10.pfb><D:/Program Files/MiKTeX 2.9/fonts/type1/public/amsfonts/cm/cm
sy8.pfb><D:/Program Files/MiKTeX 2.9/fonts/type1/public/amsfonts/cm/cmti12.pfb>
Output written on Principal.pdf (32 pages, 2518869 bytes).
PDF statistics:
 339 PDF objects out of 1000 (max. 8388607)
 0 named destinations out of 1000 (max. 500000)
 116 words of extra memory for PDF output out of 10000 (max. 10000000)

